<?xml version="1.0" encoding="UTF-8"?>
<testsuites name="Mocha Tests" time="60.883" tests="7" failures="0">
  <testsuite name="Root Suite" timestamp="2017-06-30T20:49:29" tests="0" failures="0" time="0">
  </testsuite>
  <testsuite name="Testing HR Chatbot" timestamp="2017-06-30T20:49:29" tests="0" file="/Users/jyang/Vonage/HRChatBotTesting_Github/test.js" failures="0" time="0">
  </testsuite>
  <testsuite name="Testing &apos;Get Started&apos;" timestamp="2017-06-30T20:49:46" tests="1" file="/Users/jyang/Vonage/HRChatBotTesting_Github/test.js" failures="0" time="10.653">
    <testcase name="Testing HR Chatbot Testing &apos;Get Started&apos; &quot;Get Started&quot;: Recive two text messages and one image message within 20 seconds in order" time="10.653" classname="&quot;Get Started&quot;: Recive two text messages and one image message within 20 seconds in order">
    </testcase>
  </testsuite>
  <testsuite name="Testing route: &quot;Explore Vonage&quot; -&gt; &quot;Our Culture&quot; -&gt; &quot;Our Values&quot; -&gt; &quot;Join Our Team&quot;" timestamp="2017-06-30T20:49:57" tests="6" file="/Users/jyang/Vonage/HRChatBotTesting_Github/test.js" failures="0" time="50.230000000000004">
    <testcase name="Testing HR Chatbot Testing route: &quot;Explore Vonage&quot; -&gt; &quot;Our Culture&quot; -&gt; &quot;Our Values&quot; -&gt; &quot;Join Our Team&quot; &quot;Explore Vonage&quot;: Recive three text messages and quick reply within 20 seconds in order" time="10.36" classname="&quot;Explore Vonage&quot;: Recive three text messages and quick reply within 20 seconds in order">
    </testcase>
    <testcase name="Testing HR Chatbot Testing route: &quot;Explore Vonage&quot; -&gt; &quot;Our Culture&quot; -&gt; &quot;Our Values&quot; -&gt; &quot;Join Our Team&quot; &quot;Our Cultue&quot;: Recive two text messages, one video message, and quick reply within 20 seconds in order" time="8.022" classname="&quot;Our Cultue&quot;: Recive two text messages, one video message, and quick reply within 20 seconds in order">
    </testcase>
    <testcase name="Testing HR Chatbot Testing route: &quot;Explore Vonage&quot; -&gt; &quot;Our Culture&quot; -&gt; &quot;Our Values&quot; -&gt; &quot;Join Our Team&quot; &quot;Our Values&quot;: Recive two text messages, one video message, and quick reply within 20 seconds in order" time="8.467" classname="&quot;Our Values&quot;: Recive two text messages, one video message, and quick reply within 20 seconds in order">
    </testcase>
    <testcase name="Testing HR Chatbot Testing route: &quot;Explore Vonage&quot; -&gt; &quot;Our Culture&quot; -&gt; &quot;Our Values&quot; -&gt; &quot;Join Our Team&quot; &quot;Join Our Team&quot;: Recive three text messages, one image message, and quick reply within 20 seconds in order" time="10.541" classname="&quot;Join Our Team&quot;: Recive three text messages, one image message, and quick reply within 20 seconds in order">
    </testcase>
    <testcase name="Testing HR Chatbot Testing route: &quot;Explore Vonage&quot; -&gt; &quot;Our Culture&quot; -&gt; &quot;Our Values&quot; -&gt; &quot;Join Our Team&quot; &quot;Choose Location&quot;: Recive one text messages and quick reply within 20 seconds in order" time="3.999" classname="&quot;Choose Location&quot;: Recive one text messages and quick reply within 20 seconds in order">
    </testcase>
    <testcase name="Testing HR Chatbot Testing route: &quot;Explore Vonage&quot; -&gt; &quot;Our Culture&quot; -&gt; &quot;Our Values&quot; -&gt; &quot;Join Our Team&quot; &quot;Choose Job Type&quot;: Recive one text messages, one carousel, and quick reply within 20 seconds in order" time="8.841" classname="&quot;Choose Job Type&quot;: Recive one text messages, one carousel, and quick reply within 20 seconds in order">
    </testcase>
  </testsuite>
</testsuites>